Arguments: 
  /Users/Alex/.nvm/versions/node/v16.15.1/bin/node /Users/Alex/.nvm/versions/node/v16.15.1/bin/yarn build --watch

PATH: 
  /opt/homebrew/opt/libpq/bin:./bin:./node_modules/.bin:/Users/Alex/.nvm/versions/node/v16.15.1/bin:/Users/Alex/.rbenv/shims:/Users/Alex/.rbenv/bin:/opt/homebrew/bin:/opt/homebrew/sbin:/Users/Alex/.pyenv/bin:/usr/local/bin:/System/Cryptexes/App/usr/bin:/usr/bin:/bin:/usr/sbin:/sbin:/usr/local/sbin

Yarn version: 
  1.22.19

Node version: 
  16.15.1

Platform: 
  darwin arm64

Trace: 
  SyntaxError: /Users/Alex/code/AlexMcFly33/memory/package.json: Unexpected end of JSON input
      at JSON.parse (<anonymous>)
      at /Users/Alex/.nvm/versions/node/v16.15.1/lib/node_modules/yarn/lib/cli.js:1629:59
      at Generator.next (<anonymous>)
      at step (/Users/Alex/.nvm/versions/node/v16.15.1/lib/node_modules/yarn/lib/cli.js:310:30)
      at /Users/Alex/.nvm/versions/node/v16.15.1/lib/node_modules/yarn/lib/cli.js:321:13

npm manifest: 
  

yarn manifest: 
  No manifest

Lockfile: 
  # THIS IS AN AUTOGENERATED FILE. DO NOT EDIT THIS FILE DIRECTLY.
  # yarn lockfile v1
